<?xml version="1.0" encoding="UTF-8"?>
<testsuites>
  <testsuite name="REST API Test Suite" tests="1" assertions="1" errors="0" failures="0" skipped="0" time="0.040189">
    <testsuite name="testPlayers" file="/var/www/html/PaintballSocialNetwork-Players/tests/testJogadores.php" tests="1" assertions="1" errors="0" failures="0" skipped="0" time="0.040189">
      <testcase name="testGet_HealthCheck" class="testPlayers" classname="testPlayers" file="/var/www/html/PaintballSocialNetwork-Players/tests/testJogadores.php" line="422" assertions="1" time="0.040189"/>
    </testsuite>
  </testsuite>
</testsuites>
